<?xml version="1.0" encoding="UTF-8"?>
<testng-results skipped="0" failed="0" total="3" passed="3">
  <reporter-output>
  </reporter-output>
  <suite name="Default suite" duration-ms="25142" started-at="2017-02-03T09:50:23Z" finished-at="2017-02-03T09:50:48Z">
    <groups>
    </groups>
    <test name="Default test" duration-ms="25142" started-at="2017-02-03T09:50:23Z" finished-at="2017-02-03T09:50:48Z">
      <class name="TestNGan">
        <test-method status="PASS" signature="test1()[pri:0, instance:TestNGan@fad74ee]" name="test1" duration-ms="9" started-at="2017-02-03T10:50:23Z" finished-at="2017-02-03T10:50:23Z">
          <reporter-output>
          </reporter-output>
        </test-method> <!-- test1 -->
        <test-method status="PASS" signature="test2()[pri:0, instance:TestNGan@fad74ee]" name="test2" duration-ms="1" started-at="2017-02-03T10:50:23Z" finished-at="2017-02-03T10:50:23Z">
          <reporter-output>
          </reporter-output>
        </test-method> <!-- test2 -->
        <test-method status="PASS" signature="testSlownikSzablonow()[pri:0, instance:TestNGan@fad74ee]" name="testSlownikSzablonow" duration-ms="25102" started-at="2017-02-03T10:50:23Z" finished-at="2017-02-03T10:50:48Z">
          <reporter-output>
          </reporter-output>
        </test-method> <!-- testSlownikSzablonow -->
      </class> <!-- TestNGan -->
    </test> <!-- Default test -->
  </suite> <!-- Default suite -->
</testng-results>
